Using pre-set license
Built from '2020.3/staging' branch; Version is '2020.3.14f1 (d0d1bb862f9d) revision 13685179'; Using compiler version '192528614'; Build Type 'Release'
OS: 'Windows 10 Home; OS build 19042.1237; Version 2009; 64bit' Language: 'en' Physical Memory: 32619 MB
BatchMode: 1, IsHumanControllingUs: 0, StartBugReporterOnCrash: 0, Is64bit: 1, IsPro: 0

 COMMAND LINE ARGUMENTS:
C:\Program Files\Unity\Hub\Editor\2020.3.14f1\Editor\Unity.exe
-adb2
-batchMode
-noUpm
-name
AssetImportWorker0
-projectPath
C:/Users/Marce/Documents/GitHub/IGME-219/P02c_FariaM
-logFile
Logs/AssetImportWorker0.log
-srvPort
61791
Successfully changed project path to: C:/Users/Marce/Documents/GitHub/IGME-219/P02c_FariaM
C:/Users/Marce/Documents/GitHub/IGME-219/P02c_FariaM
Using Asset Import Pipeline V2.
Refreshing native plugins compatible for Editor in 27.19 ms, found 2 plugins.
Preloading 0 native plugins for Editor in 0.00 ms.
Initialize engine version: 2020.3.14f1 (d0d1bb862f9d)
[Subsystems] Discovering subsystems at path C:/Program Files/Unity/Hub/Editor/2020.3.14f1/Editor/Data/Resources/UnitySubsystems
[Subsystems] Discovering subsystems at path C:/Users/Marce/Documents/GitHub/IGME-219/P02c_FariaM/Assets
GfxDevice: creating device client; threaded=0
Direct3D:
    Version:  Direct3D 11.0 [level 11.1]
    Renderer: NVIDIA GeForce GTX 1060 (ID=0x1c20)
    Vendor:   
    VRAM:     6052 MB
    Driver:   30.0.14.7168
Initialize mono
Mono path[0] = 'C:/Program Files/Unity/Hub/Editor/2020.3.14f1/Editor/Data/Managed'
Mono path[1] = 'C:/Program Files/Unity/Hub/Editor/2020.3.14f1/Editor/Data/MonoBleedingEdge/lib/mono/unityjit'
Mono config path = 'C:/Program Files/Unity/Hub/Editor/2020.3.14f1/Editor/Data/MonoBleedingEdge/etc'
Using monoOptions --debugger-agent=transport=dt_socket,embedding=1,server=y,suspend=n,address=127.0.0.1:56668
Begin MonoManager ReloadAssembly
Registering precompiled unity dll's ...
Register platform support module: C:/Program Files/Unity/Hub/Editor/2020.3.14f1/Editor/Data/PlaybackEngines/WebGLSupport/UnityEditor.WebGL.Extensions.dll
Register platform support module: C:/Program Files/Unity/Hub/Editor/2020.3.14f1/Editor/Data/PlaybackEngines/WindowsStandaloneSupport/UnityEditor.WindowsStandalone.Extensions.dll
Registered in 0.002479 seconds.
Native extension for WindowsStandalone target not found
Native extension for WebGL target not found
Refreshing native plugins compatible for Editor in 25.60 ms, found 2 plugins.
Preloading 0 native plugins for Editor in 0.00 ms.
Mono: successfully reloaded assembly
- Completed reload, in  1.192 seconds
Domain Reload Profiling:
	ReloadAssembly (1193ms)
		BeginReloadAssembly (57ms)
			ExecutionOrderSort (0ms)
			DisableScriptedObjects (0ms)
			BackupInstance (0ms)
			ReleaseScriptingObjects (0ms)
			CreateAndSetChildDomain (1ms)
		EndReloadAssembly (400ms)
			LoadAssemblies (55ms)
			RebuildTransferFunctionScriptingTraits (0ms)
			SetupTypeCache (149ms)
			ReleaseScriptCaches (0ms)
			RebuildScriptCaches (31ms)
			SetupLoadedEditorAssemblies (149ms)
				LogAssemblyErrors (0ms)
				InitializePlatformSupportModulesInManaged (5ms)
				SetLoadedEditorAssemblies (0ms)
				RefreshPlugins (26ms)
				BeforeProcessingInitializeOnLoad (13ms)
				ProcessInitializeOnLoadAttributes (78ms)
				ProcessInitializeOnLoadMethodAttributes (27ms)
				AfterProcessingInitializeOnLoad (0ms)
				EditorAssembliesLoaded (0ms)
			ExecutionOrderSort2 (0ms)
			AwakeInstancesAfterBackupRestoration (0ms)
Platform modules already initialized, skipping
Registering precompiled user dll's ...
Registered in 0.004156 seconds.
Begin MonoManager ReloadAssembly
Native extension for WindowsStandalone target not found
Native extension for WebGL target not found
Refreshing native plugins compatible for Editor in 0.29 ms, found 2 plugins.
Preloading 0 native plugins for Editor in 0.00 ms.
Mono: successfully reloaded assembly
- Completed reload, in  1.017 seconds
Domain Reload Profiling:
	ReloadAssembly (1017ms)
		BeginReloadAssembly (146ms)
			ExecutionOrderSort (0ms)
			DisableScriptedObjects (5ms)
			BackupInstance (0ms)
			ReleaseScriptingObjects (0ms)
			CreateAndSetChildDomain (19ms)
		EndReloadAssembly (810ms)
			LoadAssemblies (83ms)
			RebuildTransferFunctionScriptingTraits (0ms)
			SetupTypeCache (271ms)
			ReleaseScriptCaches (0ms)
			RebuildScriptCaches (42ms)
			SetupLoadedEditorAssemblies (324ms)
				LogAssemblyErrors (0ms)
				InitializePlatformSupportModulesInManaged (7ms)
				SetLoadedEditorAssemblies (1ms)
				RefreshPlugins (0ms)
				BeforeProcessingInitializeOnLoad (88ms)
				ProcessInitializeOnLoadAttributes (215ms)
				ProcessInitializeOnLoadMethodAttributes (6ms)
				AfterProcessingInitializeOnLoad (7ms)
				EditorAssembliesLoaded (0ms)
			ExecutionOrderSort2 (0ms)
			AwakeInstancesAfterBackupRestoration (6ms)
Platform modules already initialized, skipping
========================================================================
Worker process is ready to serve import requests
Launched and connected shader compiler UnityShaderCompiler.exe after 0.21 seconds
Refreshing native plugins compatible for Editor in 0.78 ms, found 2 plugins.
Preloading 0 native plugins for Editor in 0.00 ms.
Unloading 1390 Unused Serialized files (Serialized files now loaded: 0)
System memory in use before: 64.7 MB.
System memory in use after: 64.8 MB.

Unloading 19 unused Assets to reduce memory usage. Loaded Objects now: 1823.
Total: 1.976500 ms (FindLiveObjects: 0.143000 ms CreateObjectMapping: 0.036600 ms MarkObjects: 1.725900 ms  DeleteObjects: 0.070000 ms)

AssetImportParameters requested are different than current active one (requested -> active):
  custom:framework-win-MediaFoundation: 216162199b28c13a410421893ffa2e32 -> 
  custom:video-decoder-ogg-theora: a1e56fd34408186e4bbccfd4996cb3dc -> 
  custom:container-muxer-webm: aa71ff27fc2769a1b78a27578f13a17b -> 
  custom:container-demuxer-webm: 4f35f7cbe854078d1ac9338744f61a02 -> 
  custom:container-demuxer-ogg: 62fdf1f143b41e24485cea50d1cbac27 -> 
  custom:video-encoder-webm-vp8: eb34c28f22e8b96e1ab97ce403110664 -> 
  custom:video-decoder-webm-vp8: 9c59270c3fd7afecdb556c50c9e8de78 -> 
  custom:audio-decoder-ogg-vorbis: bf7c407c2cedff20999df2af8eb42d56 -> 
  custom:audio-encoder-webm-vorbis: bf7c407c2cedff20999df2af8eb42d56 -> 
========================================================================
Received Import Request.
  path: Assets
  artifactKey: Guid(00000000000000001000000000000000) Importer(815301076,1909f56bfc062723c751e8b465ee728b)
Start importing Assets using Guid(00000000000000001000000000000000) Importer(815301076,1909f56bfc062723c751e8b465ee728b)  -> (artifact id: '42d402b061de3733987d63b9cc3b64de') in 0.008639 seconds 
  Import took 0.010855 seconds .

========================================================================
Received Import Request.
  Time since last request: 0.480772 seconds.
  path: Assets/Materials
  artifactKey: Guid(f4a1e3ea40b676343859262e7774a19a) Importer(815301076,1909f56bfc062723c751e8b465ee728b)
Start importing Assets/Materials using Guid(f4a1e3ea40b676343859262e7774a19a) Importer(815301076,1909f56bfc062723c751e8b465ee728b)  -> (artifact id: 'a4880adfbcf9c5c8c5ff1ebb5b6b48b3') in 0.007866 seconds 
  Import took 0.010198 seconds .

========================================================================
Received Import Request.
  Time since last request: 7.267915 seconds.
  path: Assets/Prefabs
  artifactKey: Guid(3c4480912521ba046b9dbc59d2066171) Importer(815301076,1909f56bfc062723c751e8b465ee728b)
Start importing Assets/Prefabs using Guid(3c4480912521ba046b9dbc59d2066171) Importer(815301076,1909f56bfc062723c751e8b465ee728b)  -> (artifact id: '3c2b49c0ec4e8adae3f768996af4cf35') in 0.007364 seconds 
  Import took 0.009459 seconds .

========================================================================
Received Import Request.
  Time since last request: 8.500582 seconds.
  path: Assets/Scripts
  artifactKey: Guid(550118b6b4bb73c4386035367dd414a5) Importer(815301076,1909f56bfc062723c751e8b465ee728b)
Start importing Assets/Scripts using Guid(550118b6b4bb73c4386035367dd414a5) Importer(815301076,1909f56bfc062723c751e8b465ee728b)  -> (artifact id: '93676ecb80302117474db318252e8a16') in 0.006317 seconds 
  Import took 0.008296 seconds .

========================================================================
Received Import Request.
  Time since last request: 22.385472 seconds.
  path: Assets/New Folder
  artifactKey: Guid(5bd513fa318311a47bb7b7d8abaf6887) Importer(815301076,1909f56bfc062723c751e8b465ee728b)
Start importing Assets/New Folder using Guid(5bd513fa318311a47bb7b7d8abaf6887) Importer(815301076,1909f56bfc062723c751e8b465ee728b)  -> (artifact id: '3377ba82db68b52b1e79a0ec47c8f51d') in 0.006501 seconds 
  Import took 0.008669 seconds .

========================================================================
Received Import Request.
  Time since last request: 26.565283 seconds.
  path: Assets/Images
  artifactKey: Guid(5bd513fa318311a47bb7b7d8abaf6887) Importer(815301076,1909f56bfc062723c751e8b465ee728b)
Start importing Assets/Images using Guid(5bd513fa318311a47bb7b7d8abaf6887) Importer(815301076,1909f56bfc062723c751e8b465ee728b)  -> (artifact id: 'aa480bab2e0251cd480a0cb151503fab') in 0.006687 seconds 
  Import took 0.008760 seconds .

========================================================================
Received Import Request.
  Time since last request: 154.570107 seconds.
  path: Assets/Scene01.mb
  artifactKey: Guid(9b5c7601090f73c4b93e77849c99a32c) Importer(815301076,1909f56bfc062723c751e8b465ee728b)
Start importing Assets/Scene01.mb using Guid(9b5c7601090f73c4b93e77849c99a32c) Importer(815301076,1909f56bfc062723c751e8b465ee728b)  -> (artifact id: '6731a3646559b1563f0181313b775a09') in 0.489852 seconds 
  Import took 0.492503 seconds .

========================================================================
Received Import Request.
  Time since last request: 392.237662 seconds.
  path: Assets/Materials/P02b_FariaM
  artifactKey: Guid(36f2b5a21dfd1ec4c94f9c20fb2b681a) Importer(815301076,1909f56bfc062723c751e8b465ee728b)
Start importing Assets/Materials/P02b_FariaM using Guid(36f2b5a21dfd1ec4c94f9c20fb2b681a) Importer(815301076,1909f56bfc062723c751e8b465ee728b)  -> (artifact id: 'ec9369e88b43bd07f3a6232532d608cb') in 0.006192 seconds 
  Import took 0.008862 seconds .

========================================================================
Received Import Request.
  Time since last request: 1.842135 seconds.
  path: Assets/Materials/P02b_FariaM/scenes
  artifactKey: Guid(d7b128992ac915546a600af7b27b624d) Importer(815301076,1909f56bfc062723c751e8b465ee728b)
Start importing Assets/Materials/P02b_FariaM/scenes using Guid(d7b128992ac915546a600af7b27b624d) Importer(815301076,1909f56bfc062723c751e8b465ee728b)  -> (artifact id: '8e5e0a7b2c50947a197e23128da692b9') in 0.007589 seconds 
  Import took 0.010194 seconds .

========================================================================
Received Import Request.
  Time since last request: 0.136226 seconds.
  path: Assets/Materials/P02b_FariaM/scenes/Scene01.mb
  artifactKey: Guid(67cba4e129ee5544ebd9036fdfae74ae) Importer(815301076,1909f56bfc062723c751e8b465ee728b)
Start importing Assets/Materials/P02b_FariaM/scenes/Scene01.mb using Guid(67cba4e129ee5544ebd9036fdfae74ae) Importer(815301076,1909f56bfc062723c751e8b465ee728b)  -> (artifact id: '824a84b827347361eca76d5b3d0d6604') in 0.191056 seconds 
  Import took 0.193466 seconds .

========================================================================
Received Import Request.
  Time since last request: 10.229677 seconds.
  path: Assets/Materials/P02b_FariaM/images
  artifactKey: Guid(a73a4e41c8e6d8142bd90cfe350f2917) Importer(815301076,1909f56bfc062723c751e8b465ee728b)
Start importing Assets/Materials/P02b_FariaM/images using Guid(a73a4e41c8e6d8142bd90cfe350f2917) Importer(815301076,1909f56bfc062723c751e8b465ee728b)  -> (artifact id: 'f7a52b2023ef136c7b7c5054c3b11245') in 0.007220 seconds 
  Import took 0.009493 seconds .

========================================================================
Received Import Request.
  Time since last request: 2.725486 seconds.
  path: Assets/Materials/P02b_FariaM/images/outUV.iff
  artifactKey: Guid(21d0a76a0a5e46d40a5889d2a554bdf2) Importer(815301076,1909f56bfc062723c751e8b465ee728b)
Start importing Assets/Materials/P02b_FariaM/images/outUV.iff using Guid(21d0a76a0a5e46d40a5889d2a554bdf2) Importer(815301076,1909f56bfc062723c751e8b465ee728b)  -> (artifact id: 'e28c1feaec8696939785237742874b2f') in 0.011335 seconds 
  Import took 0.013954 seconds .

========================================================================
Received Import Request.
  Time since last request: 0.026234 seconds.
  path: Assets/Materials/P02b_FariaM/images/outUV.iff
  artifactKey: Guid(21d0a76a0a5e46d40a5889d2a554bdf2) Importer(815301076,1909f56bfc062723c751e8b465ee728b)
Start importing Assets/Materials/P02b_FariaM/images/outUV.iff using Guid(21d0a76a0a5e46d40a5889d2a554bdf2) Importer(815301076,1909f56bfc062723c751e8b465ee728b)  -> (artifact id: 'e28c1feaec8696939785237742874b2f') in 0.002766 seconds 
  Import took 0.004923 seconds .

========================================================================
Received Import Request.
  Time since last request: 67.066295 seconds.
  path: Assets/Materials/P02b_FariaM/images/outUV.iff
  artifactKey: Guid(21d0a76a0a5e46d40a5889d2a554bdf2) Importer(815301076,1909f56bfc062723c751e8b465ee728b)
Start importing Assets/Materials/P02b_FariaM/images/outUV.iff using Guid(21d0a76a0a5e46d40a5889d2a554bdf2) Importer(815301076,1909f56bfc062723c751e8b465ee728b)  -> (artifact id: '4239c47a013c7dbc84d1dcbd688adcb7') in 0.007423 seconds 
  Import took 0.010825 seconds .

AssetImportWorkerClient::OnTransportError - code=2 error=End of file
